<?xml version="1.0" encoding="UTF-8"?>
<!-- Generated by org.testng.reporters.JUnitReportReporter -->
<testsuite name="com.experitest.AndroidDemo" tests="3" time="164.131" ignored="0" failures="0" timestamp="14 Nov 2018 08:19:05 GMT" skipped="0" hostname="vchand-lt" errors="0">
  <testcase name="testTouchMeNot" time="68.365" classname="com.experitest.AndroidDemo"/>
  <testcase name="testESPN" time="29.425" classname="com.experitest.AndroidDemo"/>
  <testcase name="testEribank" time="66.341" classname="com.experitest.AndroidDemo"/>
</testsuite> <!-- com.experitest.AndroidDemo -->
