<?xml version="1.0" encoding="UTF-8"?>
<!-- Generated by org.testng.reporters.JUnitReportReporter -->
<testsuite hostname="vchand-lt" name="com.experitest.Demo" tests="1" failures="0" timestamp="13 Nov 2018 14:22:54 GMT" time="30.903" errors="0">
  <testcase name="testUntitled" time="30.903" classname="com.experitest.Demo"/>
</testsuite> <!-- com.experitest.Demo -->
